[+] Containers:
 |- [+] Container: /Game/Levels/CameraControl
 |   |- [+] ActorDescs:
 |   |   |- Guid:294C6780410FD6E345C91397FB856059 BaseClass: NativeClass:/Script/Engine.SkyAtmosphere Name:SkyAtmosphere_UAID_A85E45CFE40401D200_1470382762 Label:SkyAtmosphere SpatiallyLoaded:0 Bounds:IsValid=true, Min=(X=0.000 Y=0.000 Z=0.000), Max=(X=0.000 Y=0.000 Z=0.000) RuntimeGrid:None EditorOnly:0 RuntimeOnly:0 HLODRelevant:0 ListedInSceneOutliner:1 IsMainWorldOnly:0 FolderPath:Lighting FolderGuid:B7E9BD5B45A652654791988DEF54CCEB
 |   |   |- Guid:397B300E49A65A248086F4BE64AE4159 BaseClass: NativeClass:/Script/Engine.ExponentialHeightFog Name:ExponentialHeightFog_UAID_A85E45CFE40401D200_1470382763 Label:ExponentialHeightFog SpatiallyLoaded:0 Bounds:IsValid=true, Min=(X=-5600.000 Y=-50.000 Z=-6850.000), Max=(X=-5600.000 Y=-50.000 Z=-6850.000) RuntimeGrid:None EditorOnly:0 RuntimeOnly:0 HLODRelevant:0 ListedInSceneOutliner:1 IsMainWorldOnly:0 FolderPath:Lighting FolderGuid:B7E9BD5B45A652654791988DEF54CCEB
 |   |   |- Guid:3B48D3AE47C97E5F8DC911A4058032F3 BaseClass: NativeClass:/Script/Engine.WorldDataLayers Name:WorldDataLayers Label:WorldDataLayers-1 SpatiallyLoaded:0 Bounds:Invalid RuntimeGrid:None EditorOnly:0 RuntimeOnly:0 HLODRelevant:0 ListedInSceneOutliner:1 IsMainWorldOnly:1
 |   |   |- Guid:44DCF4514A6D1C434F407CAE5C2D1ADE BaseClass: NativeClass:/Script/Engine.DirectionalLight Name:DirectionalLight_UAID_A85E45CFE40401D200_1470382761 Label:DirectionalLight SpatiallyLoaded:0 Bounds:IsValid=true, Min=(X=-4398046511104.000 Y=-4398046511104.000 Z=-4398046511104.000), Max=(X=4398046511104.000 Y=4398046511104.000 Z=4398046511104.000) RuntimeGrid:None EditorOnly:0 RuntimeOnly:0 HLODRelevant:0 ListedInSceneOutliner:1 IsMainWorldOnly:0 FolderPath:Lighting FolderGuid:B7E9BD5B45A652654791988DEF54CCEB
 |   |   |- Guid:4BE5B58E49F340BA301B21B148D9BDC4 BaseClass: NativeClass:/Script/Engine.PlayerStart Name:PlayerStart_UAID_6C2408CD46BBF7BC01_1387941160 Label:PlayerStart SpatiallyLoaded:0 Bounds:IsValid=true, Min=(X=-40.000 Y=-40.000 Z=18.000), Max=(X=40.000 Y=40.000 Z=202.000) RuntimeGrid:None EditorOnly:0 RuntimeOnly:0 HLODRelevant:0 ListedInSceneOutliner:1 IsMainWorldOnly:0
 |   |   |- Guid:624669A4405272CC196277A23824F685 BaseClass: NativeClass:/Script/Landscape.Landscape Name:Landscape_UAID_A85E45CFE404FBD100_1221515703 Label:Landscape SpatiallyLoaded:0 Bounds:IsValid=true, Min=(X=-100800.000 Y=-100800.000 Z=100.000), Max=(X=-100800.000 Y=-100800.000 Z=100.000) RuntimeGrid:None EditorOnly:0 RuntimeOnly:0 HLODRelevant:0 ListedInSceneOutliner:1 IsMainWorldOnly:0
 |   |   |- Guid:79F5648B496AF7B89E659993C7F898A4 BaseClass: NativeClass:/Script/Engine.StaticMeshActor Name:StaticMeshActor_UAID_A4AE111137DC54FB00_1240666663 Label:SM_SkySphere SpatiallyLoaded:0 Bounds:IsValid=true, Min=(X=-1638400.000 Y=-1638400.000 Z=-1638400.000), Max=(X=1638400.000 Y=1638400.000 Z=1638400.000) RuntimeGrid:None EditorOnly:0 RuntimeOnly:0 HLODRelevant:0 ListedInSceneOutliner:1 IsMainWorldOnly:0 FolderPath:Lighting FolderGuid:B7E9BD5B45A652654791988DEF54CCEB
 |   |   |- Guid:9B66FB164EC6E3AF016659A13A58DC37 BaseClass:/Game/BP/HexagonGrid.HexagonGrid_C NativeClass:/Script/Engine.Actor Name:HexagonGrid_C_UAID_C46516C07A9037BD01_1199958423 Label:HexagonGrid SpatiallyLoaded:1 Bounds:IsValid=true, Min=(X=-1250.000 Y=-1299.038 Z=-25.000), Max=(X=1250.000 Y=1299.038 Z=0.000) RuntimeGrid:None EditorOnly:0 RuntimeOnly:0 HLODRelevant:0 ListedInSceneOutliner:1 IsMainWorldOnly:0
 |   |   |- Guid:B22CE6E14907DA2C5F7E22A028B16598 BaseClass:/Game/BP/BP_TileActor.BP_TileActor_C NativeClass:/Script/Engine.Actor Name:BP_TileActor_C_UAID_6C2408CD46BBEABC01_1646404871 Label:BP_TileActor SpatiallyLoaded:1 Bounds:IsValid=true, Min=(X=-50.000 Y=-50.000 Z=-12.500), Max=(X=52.500 Y=52.500 Z=42.500) RuntimeGrid:None EditorOnly:0 RuntimeOnly:0 HLODRelevant:0 ListedInSceneOutliner:1 IsMainWorldOnly:0
 |   |   |- Guid:D7C561FA432B17879FEF0D9D0A8D0BE5 BaseClass: NativeClass:/Script/Engine.SkyLight Name:SkyLight_UAID_A85E45CFE40401D200_1470380759 Label:SkyLight SpatiallyLoaded:0 Bounds:IsValid=true, Min=(X=0.000 Y=0.000 Z=0.000), Max=(X=0.000 Y=0.000 Z=0.000) RuntimeGrid:None EditorOnly:0 RuntimeOnly:0 HLODRelevant:0 ListedInSceneOutliner:1 IsMainWorldOnly:0 FolderPath:Lighting FolderGuid:B7E9BD5B45A652654791988DEF54CCEB
 |   |   |- Guid:EA6570BB49D9ECE7D13FACB7CF262FAA BaseClass: NativeClass:/Script/Engine.VolumetricCloud Name:VolumetricCloud_UAID_A85E45CFE40401D200_1470381760 Label:VolumetricCloud SpatiallyLoaded:0 Bounds:IsValid=true, Min=(X=0.000 Y=0.000 Z=0.000), Max=(X=0.000 Y=0.000 Z=0.000) RuntimeGrid:None EditorOnly:0 RuntimeOnly:0 HLODRelevant:0 ListedInSceneOutliner:1 IsMainWorldOnly:0 FolderPath:Lighting FolderGuid:B7E9BD5B45A652654791988DEF54CCEB
 |   |- [+] Clusters:
 |   |   |- [+] [  0]
 |   |   |   |- Guid:294C6780410FD6E345C91397FB856059 BaseClass: NativeClass:/Script/Engine.SkyAtmosphere Name:SkyAtmosphere_UAID_A85E45CFE40401D200_1470382762 Label:SkyAtmosphere SpatiallyLoaded:0 Bounds:IsValid=true, Min=(X=0.000 Y=0.000 Z=0.000), Max=(X=0.000 Y=0.000 Z=0.000) RuntimeGrid:None EditorOnly:0 RuntimeOnly:0 HLODRelevant:0 ListedInSceneOutliner:1 IsMainWorldOnly:0 FolderPath:Lighting FolderGuid:B7E9BD5B45A652654791988DEF54CCEB
 |   |   |- [+] [  1]
 |   |   |   |- Guid:397B300E49A65A248086F4BE64AE4159 BaseClass: NativeClass:/Script/Engine.ExponentialHeightFog Name:ExponentialHeightFog_UAID_A85E45CFE40401D200_1470382763 Label:ExponentialHeightFog SpatiallyLoaded:0 Bounds:IsValid=true, Min=(X=-5600.000 Y=-50.000 Z=-6850.000), Max=(X=-5600.000 Y=-50.000 Z=-6850.000) RuntimeGrid:None EditorOnly:0 RuntimeOnly:0 HLODRelevant:0 ListedInSceneOutliner:1 IsMainWorldOnly:0 FolderPath:Lighting FolderGuid:B7E9BD5B45A652654791988DEF54CCEB
 |   |   |- [+] [  2]
 |   |   |   |- Guid:3B48D3AE47C97E5F8DC911A4058032F3 BaseClass: NativeClass:/Script/Engine.WorldDataLayers Name:WorldDataLayers Label:WorldDataLayers-1 SpatiallyLoaded:0 Bounds:Invalid RuntimeGrid:None EditorOnly:0 RuntimeOnly:0 HLODRelevant:0 ListedInSceneOutliner:1 IsMainWorldOnly:1
 |   |   |- [+] [  3]
 |   |   |   |- Guid:44DCF4514A6D1C434F407CAE5C2D1ADE BaseClass: NativeClass:/Script/Engine.DirectionalLight Name:DirectionalLight_UAID_A85E45CFE40401D200_1470382761 Label:DirectionalLight SpatiallyLoaded:0 Bounds:IsValid=true, Min=(X=-4398046511104.000 Y=-4398046511104.000 Z=-4398046511104.000), Max=(X=4398046511104.000 Y=4398046511104.000 Z=4398046511104.000) RuntimeGrid:None EditorOnly:0 RuntimeOnly:0 HLODRelevant:0 ListedInSceneOutliner:1 IsMainWorldOnly:0 FolderPath:Lighting FolderGuid:B7E9BD5B45A652654791988DEF54CCEB
 |   |   |- [+] [  4]
 |   |   |   |- Guid:4BE5B58E49F340BA301B21B148D9BDC4 BaseClass: NativeClass:/Script/Engine.PlayerStart Name:PlayerStart_UAID_6C2408CD46BBF7BC01_1387941160 Label:PlayerStart SpatiallyLoaded:0 Bounds:IsValid=true, Min=(X=-40.000 Y=-40.000 Z=18.000), Max=(X=40.000 Y=40.000 Z=202.000) RuntimeGrid:None EditorOnly:0 RuntimeOnly:0 HLODRelevant:0 ListedInSceneOutliner:1 IsMainWorldOnly:0
 |   |   |- [+] [  5]
 |   |   |   |- Guid:624669A4405272CC196277A23824F685 BaseClass: NativeClass:/Script/Landscape.Landscape Name:Landscape_UAID_A85E45CFE404FBD100_1221515703 Label:Landscape SpatiallyLoaded:0 Bounds:IsValid=true, Min=(X=-100800.000 Y=-100800.000 Z=100.000), Max=(X=-100800.000 Y=-100800.000 Z=100.000) RuntimeGrid:None EditorOnly:0 RuntimeOnly:0 HLODRelevant:0 ListedInSceneOutliner:1 IsMainWorldOnly:0
 |   |   |- [+] [  6]
 |   |   |   |- Guid:79F5648B496AF7B89E659993C7F898A4 BaseClass: NativeClass:/Script/Engine.StaticMeshActor Name:StaticMeshActor_UAID_A4AE111137DC54FB00_1240666663 Label:SM_SkySphere SpatiallyLoaded:0 Bounds:IsValid=true, Min=(X=-1638400.000 Y=-1638400.000 Z=-1638400.000), Max=(X=1638400.000 Y=1638400.000 Z=1638400.000) RuntimeGrid:None EditorOnly:0 RuntimeOnly:0 HLODRelevant:0 ListedInSceneOutliner:1 IsMainWorldOnly:0 FolderPath:Lighting FolderGuid:B7E9BD5B45A652654791988DEF54CCEB
 |   |   |- [+] [  7]
 |   |   |   |- Guid:9B66FB164EC6E3AF016659A13A58DC37 BaseClass:/Game/BP/HexagonGrid.HexagonGrid_C NativeClass:/Script/Engine.Actor Name:HexagonGrid_C_UAID_C46516C07A9037BD01_1199958423 Label:HexagonGrid SpatiallyLoaded:1 Bounds:IsValid=true, Min=(X=-1250.000 Y=-1299.038 Z=-25.000), Max=(X=1250.000 Y=1299.038 Z=0.000) RuntimeGrid:None EditorOnly:0 RuntimeOnly:0 HLODRelevant:0 ListedInSceneOutliner:1 IsMainWorldOnly:0
 |   |   |- [+] [  8]
 |   |   |   |- Guid:B22CE6E14907DA2C5F7E22A028B16598 BaseClass:/Game/BP/BP_TileActor.BP_TileActor_C NativeClass:/Script/Engine.Actor Name:BP_TileActor_C_UAID_6C2408CD46BBEABC01_1646404871 Label:BP_TileActor SpatiallyLoaded:1 Bounds:IsValid=true, Min=(X=-50.000 Y=-50.000 Z=-12.500), Max=(X=52.500 Y=52.500 Z=42.500) RuntimeGrid:None EditorOnly:0 RuntimeOnly:0 HLODRelevant:0 ListedInSceneOutliner:1 IsMainWorldOnly:0
 |   |   |- [+] [  9]
 |   |   |   |- Guid:D7C561FA432B17879FEF0D9D0A8D0BE5 BaseClass: NativeClass:/Script/Engine.SkyLight Name:SkyLight_UAID_A85E45CFE40401D200_1470380759 Label:SkyLight SpatiallyLoaded:0 Bounds:IsValid=true, Min=(X=0.000 Y=0.000 Z=0.000), Max=(X=0.000 Y=0.000 Z=0.000) RuntimeGrid:None EditorOnly:0 RuntimeOnly:0 HLODRelevant:0 ListedInSceneOutliner:1 IsMainWorldOnly:0 FolderPath:Lighting FolderGuid:B7E9BD5B45A652654791988DEF54CCEB
 |   |   |- [+] [ 10]
 |   |   |   |- Guid:EA6570BB49D9ECE7D13FACB7CF262FAA BaseClass: NativeClass:/Script/Engine.VolumetricCloud Name:VolumetricCloud_UAID_A85E45CFE40401D200_1470381760 Label:VolumetricCloud SpatiallyLoaded:0 Bounds:IsValid=true, Min=(X=0.000 Y=0.000 Z=0.000), Max=(X=0.000 Y=0.000 Z=0.000) RuntimeGrid:None EditorOnly:0 RuntimeOnly:0 HLODRelevant:0 ListedInSceneOutliner:1 IsMainWorldOnly:0 FolderPath:Lighting FolderGuid:B7E9BD5B45A652654791988DEF54CCEB
 |- ContainerInstances:
 |- [+] MainContainer:
 |   |-        ID: 00000000000000000000000000000000
 |   |-  ParentID: 00000000000000000000000000000000
 |   |-    Bounds: IsValid=true, Min=(X=-1250.000 Y=-1299.038 Z=-25.000), Max=(X=1250.000 Y=1299.038 Z=42.500)
 |   |- Transform: 0.000000,0.000000,0.000000|0.000000,0.000000,-0.000000|1.000000,1.000000,1.000000
 |   |- Container: /Game/Levels/CameraControl
----------------------------------------------------------------------------------------------------------------
CameraControl - Persistent Level
----------------------------------------------------------------------------------------------------------------
[+] Content of CameraControl Persistent Level
 |- Always loaded Actor Count: 17 
 |- Actor Path: /Game/Levels/CameraControl.CameraControl:PersistentLevel.AbstractNavData-Default
 |- Actor Package: /Game/Levels/CameraControl
 |- Actor Path: /Game/Levels/CameraControl.CameraControl:PersistentLevel.BP_TileActor_C_UAID_6C2408CD46BBEABC01_1646404871
 |- Actor Package: /Game/__ExternalActors__/Levels/CameraControl/5/HJ/N5L7K6UIWYMGH2RMPEW09S
 |- Actor Path: /Game/Levels/CameraControl.CameraControl:PersistentLevel.Brush_0
 |- Actor Package: /Game/Levels/CameraControl
 |- Actor Path: /Game/Levels/CameraControl.CameraControl:PersistentLevel.DefaultPhysicsVolume_0
 |- Actor Package: /Game/Levels/CameraControl
 |- Actor Path: /Game/Levels/CameraControl.CameraControl:PersistentLevel.DirectionalLight_UAID_A85E45CFE40401D200_1470382761
 |- Actor Package: /Game/__ExternalActors__/Levels/CameraControl/8/1F/XYO0J0MJGQKATKS2EFSZ4K
 |- Actor Path: /Game/Levels/CameraControl.CameraControl:PersistentLevel.ExponentialHeightFog_UAID_A85E45CFE40401D200_1470382763
 |- Actor Package: /Game/__ExternalActors__/Levels/CameraControl/8/QP/N4H3NTCW2C4MIPMACEEXY6
 |- Actor Path: /Game/Levels/CameraControl.CameraControl:PersistentLevel.GameplayDebuggerPlayerManager_0
 |- Actor Package: /Game/Levels/CameraControl
 |- Actor Path: /Game/Levels/CameraControl.CameraControl:PersistentLevel.HexagonGrid_C_UAID_C46516C07A9037BD01_1199958423
 |- Actor Package: /Game/__ExternalActors__/Levels/CameraControl/8/10/H12TJ6UWW3WPES3W8B94IG
 |- Actor Path: /Game/Levels/CameraControl.CameraControl:PersistentLevel.Landscape_UAID_A85E45CFE404FBD100_1221515703
 |- Actor Package: /Game/__ExternalActors__/Levels/CameraControl/4/2P/2XKIZAO127CG5BS7OPSBO2
 |- Actor Path: /Game/Levels/CameraControl.CameraControl:PersistentLevel.PlayerStart_UAID_6C2408CD46BBF7BC01_1387941160
 |- Actor Package: /Game/__ExternalActors__/Levels/CameraControl/4/HD/LG6XRQEHYFRF6RSLYFX6EO
 |- Actor Path: /Game/Levels/CameraControl.CameraControl:PersistentLevel.SkyAtmosphere_UAID_A85E45CFE40401D200_1470382762
 |- Actor Package: /Game/__ExternalActors__/Levels/CameraControl/8/TK/JZAX8ZUG3UYQZN8KP1D9JO
 |- Actor Path: /Game/Levels/CameraControl.CameraControl:PersistentLevel.SkyLight_UAID_A85E45CFE40401D200_1470380759
 |- Actor Package: /Game/__ExternalActors__/Levels/CameraControl/7/1U/LFOR59L6YBDV427ULTB1HX
 |- Actor Path: /Game/Levels/CameraControl.CameraControl:PersistentLevel.StaticMeshActor_UAID_A4AE111137DC54FB00_1240666663
 |- Actor Package: /Game/__ExternalActors__/Levels/CameraControl/5/X7/61V3TTYRYZESZUHTFCJQQ9
 |- Actor Path: /Game/Levels/CameraControl.CameraControl:PersistentLevel.VolumetricCloud_UAID_A85E45CFE40401D200_1470381760
 |- Actor Package: /Game/__ExternalActors__/Levels/CameraControl/8/5K/UDBPFPLPMDEDQMFJPKCF4H
 |- Actor Path: /Game/Levels/CameraControl.CameraControl:PersistentLevel.WorldDataLayers
 |- Actor Package: /Game/__ExternalActors__/Levels/CameraControl/2/8A/KRHGQENVUMKTD30QYA9E0H
 |- Actor Path: /Game/Levels/CameraControl.CameraControl:PersistentLevel.WorldPartitionMiniMap_UAID_3497F631D5890DD300_1296925927
 |- Actor Package: /Game/__ExternalActors__/Levels/CameraControl/3/6G/4OXL00TYYAU19V7EARHR10
 |- Actor Path: /Game/Levels/CameraControl.CameraControl:PersistentLevel.WorldSettings
 |- Actor Package: /Game/Levels/CameraControl

----------------------------------------------------------------------------------------------------------------
CameraControl - Runtime Spatial Hash - Streaming Grid - MainGrid
----------------------------------------------------------------------------------------------------------------
            Origin: X=0.000 Y=0.000 Z=0.000
         Cell Size: 25600
      World Bounds: IsValid=true, Min=(X=-1250.000 Y=-1299.038 Z=-25.000), Max=(X=1250.000 Y=1299.038 Z=42.500)
     Loading Range: 76800.00
Block Slow Loading: No
 ClientOnlyVisible: No
            Origin: X=0.000 Y=0.000 Z=0.000

[+] Grid Levels: 2
 |- Level  0: Cell Count    1 | Cell Size   25600 | Actor Count    2 (100.0%)
 |- Level  1: Cell Count    0 | Cell Size   51200 | Actor Count    0 (0.0%)

[+] Content of Grid Level 0
 |- [+] Content of Cell CameraControl_MainGrid_L0_X0_Y0 (F51MA2MUCP0F9BANAOD54CN35)
 |   |- Actor Count: 2
 |   |-          Actor Path: /Game/Levels/CameraControl.CameraControl:PersistentLevel.HexagonGrid_C_UAID_C46516C07A9037BD01_1199958423
 |   |-       Actor Package: /Game/__ExternalActors__/Levels/CameraControl/8/10/H12TJ6UWW3WPES3W8B94IG
 |   |- Actor Instance Guid: 9B66FB164EC6E3AF016659A13A58DC37
 |   |-          Actor Path: /Game/Levels/CameraControl.CameraControl:PersistentLevel.BP_TileActor_C_UAID_6C2408CD46BBEABC01_1646404871
 |   |-       Actor Package: /Game/__ExternalActors__/Levels/CameraControl/5/HJ/N5L7K6UIWYMGH2RMPEW09S
 |   |- Actor Instance Guid: B22CE6E14907DA2C5F7E22A028B16598
[+] Content of Grid Level 1

